#
# There is insufficient memory for the Java Runtime Environment to continue.
# Native memory allocation (malloc) failed to allocate 1048576 bytes for AllocateHeap
# Possible reasons:
#   The system is out of physical RAM or swap space
#   The process is running with CompressedOops enabled, and the Java Heap may be blocking the growth of the native heap
# Possible solutions:
#   Reduce memory load on the system
#   Increase physical memory or swap space
#   Check if swap backing store is full
#   Decrease Java heap size (-Xmx/-Xms)
#   Decrease number of Java threads
#   Decrease Java thread stack sizes (-Xss)
#   Set larger code cache with -XX:ReservedCodeCacheSize=
#   JVM is running with Zero Based Compressed Oops mode in which the Java heap is
#     placed in the first 32GB address space. The Java Heap base address is the
#     maximum limit for the native heap growth. Please use -XX:HeapBaseMinAddress
#     to set the Java Heap base and to place the Java Heap above 32GB virtual address.
# This output file may be truncated or incomplete.
#
#  Out of Memory Error (allocation.cpp:44), pid=9288, tid=18252
#
# JRE version:  (17.0.7) (build )
# Java VM: OpenJDK 64-Bit Server VM (17.0.7+0-b2043.56-10550314, mixed mode, sharing, tiered, compressed oops, compressed class ptrs, g1 gc, windows-amd64)
# No core dump will be written. Minidumps are not enabled by default on client versions of Windows
#

---------------  S U M M A R Y ------------

Command Line: git4idea.http.GitAskPassApp Username for 'https://github.com': 

Host: 12th Gen Intel(R) Core(TM) i7-12700H, 20 cores, 15G,  Windows 11 , 64 bit Build 22621 (10.0.22621.2506)
Time: Mon Dec 25 11:36:46 2023 Türkiye Standart Saati elapsed time: 0.007075 seconds (0d 0h 0m 0s)

---------------  T H R E A D  ---------------

Current thread (0x000002578a5ab620):  JavaThread "Unknown thread" [_thread_in_vm, id=18252, stack(0x00000087a5b00000,0x00000087a5c00000)]

Stack: [0x00000087a5b00000,0x00000087a5c00000]
Native frames: (J=compiled Java code, j=interpreted, Vv=VM code, C=native code)
V  [jvm.dll+0x683bfa]
V  [jvm.dll+0x8430a4]
V  [jvm.dll+0x8449be]
V  [jvm.dll+0x845023]
V  [jvm.dll+0x24ad2f]
V  [jvm.dll+0xa69cf]
V  [jvm.dll+0x2ea707]
V  [jvm.dll+0x2e23eb]
V  [jvm.dll+0x814391]
V  [jvm.dll+0x36ffe1]
V  [jvm.dll+0x7f396c]
V  [jvm.dll+0x3f305f]
V  [jvm.dll+0x3f4b91]
C  [jli.dll+0x528f]
C  [ucrtbase.dll+0x29363]
C  [KERNEL32.DLL+0x1257d]
C  [ntdll.dll+0x5aa58]


---------------  P R O C E S S  ---------------

Threads class SMR info:
_java_thread_list=0x00007ffa7a6bd098, length=0, elements={
}

Java Threads: ( => current thread )

Other Threads:
  0x000002578a618180 GCTaskThread "GC Thread#0" [stack: 0x00000087a5c00000,0x00000087a5d00000] [id=17220]

[error occurred during error reporting (printing all threads), id 0xc0000005, EXCEPTION_ACCESS_VIOLATION (0xc0000005) at pc=0x00007ffa79e6f650]

VM state: not at safepoint (not fully initialized)

VM Mutex/Monitor currently owned by a thread:  ([mutex/lock_event])
[0x000002578a5a7180] Heap_lock - owner thread: 0x000002578a5ab620

Heap address: 0x0000000704400000, size: 4028 MB, Compressed Oops mode: Zero based, Oop shift amount: 3

CDS archive(s) mapped at: [0x0000000000000000-0x0000000000000000-0x0000000000000000), size 0, SharedBaseAddress: 0x0000000800000000, ArchiveRelocationMode: 0.
Narrow klass base: 0x0000000000000000, Narrow klass shift: 0, Narrow klass range: 0x0

GC Precious Log:
<Empty>

Heap:
 garbage-first heap   total 0K, used 0K [0x0000000704400000, 0x0000000800000000)
  region size 2048K, 0 young (0K), 0 survivors (0K)
 Metaspace       used 0K, committed 0K, reserved 0K
  class space    used 0K, committed 0K, reserved 0K

Heap Regions: E=young(eden), S=young(survivor), O=old, HS=humongous(starts), HC=humongous(continues), CS=collection set, F=free, OA=open archive, CA=closed archive, TAMS=top-at-mark-start (previous, next)

Card table byte_map: [0x000002579dd10000,0x000002579e4f0000] _byte_map_base: 0x000002579a4ee000

GC Heap History (0 events):
No events

Dll operation events (1 events):
Event: 0.004 Loaded shared library C:\Users\batuh\AppData\Local\JetBrains\Toolbox\apps\AndroidStudio\ch-0\231.9392.1.2311.11076708\jbr\bin\java.dll

Deoptimization events (0 events):
No events

Classes unloaded (0 events):
No events

Classes redefined (0 events):
No events

Internal exceptions (0 events):
No events

VM Operations (0 events):
No events

Events (0 events):
No events


Dynamic libraries:
0x00007ff6eb6d0000 - 0x00007ff6eb6da000 	C:\Users\batuh\AppData\Local\JetBrains\Toolbox\apps\AndroidStudio\ch-0\231.9392.1.2311.11076708\jbr\bin\java.exe
0x00007ffac5790000 - 0x00007ffac59a7000 	C:\WINDOWS\SYSTEM32\ntdll.dll
0x00007ffac3df0000 - 0x00007ffac3eb4000 	C:\WINDOWS\System32\KERNEL32.DLL
0x00007ffac2d80000 - 0x00007ffac3126000 	C:\WINDOWS\System32\KERNELBASE.dll
0x00007ffac33c0000 - 0x00007ffac34d1000 	C:\WINDOWS\System32\ucrtbase.dll
0x00007ffaaa360000 - 0x00007ffaaa377000 	C:\Users\batuh\AppData\Local\JetBrains\Toolbox\apps\AndroidStudio\ch-0\231.9392.1.2311.11076708\jbr\bin\jli.dll
0x00007ffa93e50000 - 0x00007ffa93e6b000 	C:\Users\batuh\AppData\Local\JetBrains\Toolbox\apps\AndroidStudio\ch-0\231.9392.1.2311.11076708\jbr\bin\VCRUNTIME140.dll
0x00007ffac34e0000 - 0x00007ffac368e000 	C:\WINDOWS\System32\USER32.dll
0x00007ffac2bf0000 - 0x00007ffac2c16000 	C:\WINDOWS\System32\win32u.dll
0x00007ffab7640000 - 0x00007ffab78d3000 	C:\WINDOWS\WinSxS\amd64_microsoft.windows.common-controls_6595b64144ccf1df_6.0.22621.2506_none_270c5ae97388e100\COMCTL32.dll
0x00007ffac3690000 - 0x00007ffac36b9000 	C:\WINDOWS\System32\GDI32.dll
0x00007ffac32a0000 - 0x00007ffac33b8000 	C:\WINDOWS\System32\gdi32full.dll
0x00007ffac5210000 - 0x00007ffac52b7000 	C:\WINDOWS\System32\msvcrt.dll
0x00007ffac2c20000 - 0x00007ffac2cba000 	C:\WINDOWS\System32\msvcp_win.dll
0x00007ffac5710000 - 0x00007ffac5741000 	C:\WINDOWS\System32\IMM32.DLL
0x00007ffa90230000 - 0x00007ffa9023c000 	C:\Users\batuh\AppData\Local\JetBrains\Toolbox\apps\AndroidStudio\ch-0\231.9392.1.2311.11076708\jbr\bin\vcruntime140_1.dll
0x00007ffa59990000 - 0x00007ffa59a1d000 	C:\Users\batuh\AppData\Local\JetBrains\Toolbox\apps\AndroidStudio\ch-0\231.9392.1.2311.11076708\jbr\bin\msvcp140.dll
0x00007ffa79b80000 - 0x00007ffa7a800000 	C:\Users\batuh\AppData\Local\JetBrains\Toolbox\apps\AndroidStudio\ch-0\231.9392.1.2311.11076708\jbr\bin\server\jvm.dll
0x00007ffac53d0000 - 0x00007ffac5481000 	C:\WINDOWS\System32\ADVAPI32.dll
0x00007ffac48a0000 - 0x00007ffac4945000 	C:\WINDOWS\System32\sechost.dll
0x00007ffac3c40000 - 0x00007ffac3d57000 	C:\WINDOWS\System32\RPCRT4.dll
0x00007ffa9b290000 - 0x00007ffa9b299000 	C:\WINDOWS\SYSTEM32\WSOCK32.dll
0x00007ffab70a0000 - 0x00007ffab70d4000 	C:\WINDOWS\SYSTEM32\WINMM.dll
0x00007ffaae550000 - 0x00007ffaae55a000 	C:\WINDOWS\SYSTEM32\VERSION.dll
0x00007ffac3d60000 - 0x00007ffac3dd1000 	C:\WINDOWS\System32\WS2_32.dll
0x00007ffac1ac0000 - 0x00007ffac1ad8000 	C:\WINDOWS\SYSTEM32\kernel.appcore.dll
0x00007ffab96d0000 - 0x00007ffab96da000 	C:\Users\batuh\AppData\Local\JetBrains\Toolbox\apps\AndroidStudio\ch-0\231.9392.1.2311.11076708\jbr\bin\jimage.dll
0x00007ffac0260000 - 0x00007ffac0493000 	C:\WINDOWS\SYSTEM32\DBGHELP.DLL
0x00007ffac4a30000 - 0x00007ffac4db9000 	C:\WINDOWS\System32\combase.dll
0x00007ffac4950000 - 0x00007ffac4a27000 	C:\WINDOWS\System32\OLEAUT32.dll
0x00007ffab7440000 - 0x00007ffab7472000 	C:\WINDOWS\SYSTEM32\dbgcore.DLL
0x00007ffac2b00000 - 0x00007ffac2b7a000 	C:\WINDOWS\System32\bcryptPrimitives.dll
0x00007ffaad2d0000 - 0x00007ffaad2f5000 	C:\Users\batuh\AppData\Local\JetBrains\Toolbox\apps\AndroidStudio\ch-0\231.9392.1.2311.11076708\jbr\bin\java.dll

dbghelp: loaded successfully - version: 4.0.5 - missing functions: none
symbol engine: initialized successfully - sym options: 0x614 - pdb path: .;C:\Users\batuh\AppData\Local\JetBrains\Toolbox\apps\AndroidStudio\ch-0\231.9392.1.2311.11076708\jbr\bin;C:\WINDOWS\SYSTEM32;C:\WINDOWS\WinSxS\amd64_microsoft.windows.common-controls_6595b64144ccf1df_6.0.22621.2506_none_270c5ae97388e100;C:\Users\batuh\AppData\Local\JetBrains\Toolbox\apps\AndroidStudio\ch-0\231.9392.1.2311.11076708\jbr\bin\server

VM Arguments:
java_command: git4idea.http.GitAskPassApp Username for 'https://github.com': 
java_class_path (initial): C:/Users/batuh/AppData/Local/JetBrains/Toolbox/apps/AndroidStudio/ch-0/231.9392.1.2311.11076708/plugins/vcs-git/lib/git4idea-rt.jar;C:/Users/batuh/AppData/Local/JetBrains/Toolbox/apps/AndroidStudio/ch-0/231.9392.1.2311.11076708/lib/externalProcess-rt.jar
Launcher Type: SUN_STANDARD

[Global flags]
     intx CICompilerCount                          = 12                                        {product} {ergonomic}
     uint ConcGCThreads                            = 4                                         {product} {ergonomic}
     uint G1ConcRefinementThreads                  = 15                                        {product} {ergonomic}
   size_t G1HeapRegionSize                         = 2097152                                   {product} {ergonomic}
    uintx GCDrainStackTargetSize                   = 64                                        {product} {ergonomic}
   size_t InitialHeapSize                          = 264241152                                 {product} {ergonomic}
   size_t MarkStackSize                            = 4194304                                   {product} {ergonomic}
   size_t MaxHeapSize                              = 4223664128                                {product} {ergonomic}
   size_t MinHeapDeltaBytes                        = 2097152                                   {product} {ergonomic}
   size_t MinHeapSize                              = 8388608                                   {product} {ergonomic}
    uintx NonNMethodCodeHeapSize                   = 7602480                                {pd product} {ergonomic}
    uintx NonProfiledCodeHeapSize                  = 122027880                              {pd product} {ergonomic}
    uintx ProfiledCodeHeapSize                     = 122027880                              {pd product} {ergonomic}
    uintx ReservedCodeCacheSize                    = 251658240                              {pd product} {ergonomic}
     bool SegmentedCodeCache                       = true                                      {product} {ergonomic}
   size_t SoftMaxHeapSize                          = 4223664128                             {manageable} {ergonomic}
     bool UseCompressedClassPointers               = true                           {product lp64_product} {ergonomic}
     bool UseCompressedOops                        = true                           {product lp64_product} {ergonomic}
     bool UseG1GC                                  = true                                      {product} {ergonomic}
     bool UseLargePagesIndividualAllocation        = false                                  {pd product} {ergonomic}

Logging:
Log output configuration:
 #0: stdout all=warning uptime,level,tags
 #1: stderr all=off uptime,level,tags

Environment Variables:
JAVA_HOME=C:\Users\batuh\AppData\Local\JetBrains\Toolbox\apps\AndroidStudio\ch-0\223.8836.35.2231.11005911\jbr
PATH=C:/Program Files/Git/mingw64/libexec/git-core;C:/Program Files/Git/mingw64/libexec/git-core;C:\Program Files\Git\mingw64\bin;C:\Program Files\Git\usr\bin;C:\Users\batuh\bin;C:\Program Files\GDAL;C:\Users\batuh;C:\Program Files\GDAL\projlib;C:\Program Files\GDAL\java;C:\Users\batuh\.jdks\openjdk-21\bin;C:\Program Files (x86)\Razer\ChromaBroadcast\bin;C:\Program Files\Razer\ChromaBroadcast\bin;C:\Windows\System32\HWAudioDriverLibs;C:\Windows\system32;C:\Windows;C:\Windows\System32\Wbem;C:\Windows\System32\WindowsPowerShell\v1.0\;C:\Windows\System32\OpenSSH\;C:\Users\Administrator\AppData\Local\Microsoft\WindowsApps;C:\WINDOWS\system32;C:\WINDOWS;C:\WINDOWS\System32\Wbem;C:\WINDOWS\System32\WindowsPowerShell\v1.0\;C:\WINDOWS\System32\OpenSSH\;C:\Program Files\GitHub CLI\;C:\Program Files\Git\cmd;C:\Program Files\nodejs\;C:\Users\batuh\.jdks\semeru-17.0.8\bin;C:\WINDOWS\system32\config\systemprofile\AppData\Local\Microsoft\WindowsApps;C:\Program Files\Docker\Docker\resources\bin;C:\Users\batuh\AppData\Local\Yarn\bin;C:\ProgramData\miniconda3\Scripts;C:\Users\batuh\AppData\Local\Programs\Microsoft VS Code\bin
USERNAME=batuh
DISPLAY=:0.0
LC_ALL=en_US.UTF-8
TERM=xterm-256color
TMPDIR=C:\Users\batuh\AppData\Local\Temp
OS=Windows_NT
PROCESSOR_IDENTIFIER=Intel64 Family 6 Model 154 Stepping 3, GenuineIntel
TMP=C:\Users\batuh\AppData\Local\Temp
TEMP=C:\Users\batuh\AppData\Local\Temp


JNI global refs:
JNI global refs: 0, weak refs: 0

JNI global refs memory usage: 0, weak refs: 0

OOME stack traces (most recent first):
Classloader memory used:


---------------  S Y S T E M  ---------------

OS:
 Windows 11 , 64 bit Build 22621 (10.0.22621.2506)
OS uptime: 1 days 13:36 hours
Hyper-V role detected

CPU: total 20 (initial active 20) (10 cores per cpu, 2 threads per core) family 6 model 154 stepping 3 microcode 0x41e, cx8, cmov, fxsr, ht, mmx, 3dnowpref, sse, sse2, sse3, ssse3, sse4.1, sse4.2, popcnt, lzcnt, tsc, tscinvbit, avx, avx2, aes, erms, clmul, bmi1, bmi2, adx, sha, fma, vzeroupper, clflush, clflushopt, clwb, hv

Memory: 4k page, system-wide physical 16110M (859M free)
TotalPageFile size 16110M (AvailPageFile size 5M)
current process WorkingSet (physical memory assigned to process): 11M, peak: 11M
current process commit charge ("private bytes"): 59M, peak: 60M

vm_info: OpenJDK 64-Bit Server VM (17.0.7+0-b2043.56-10550314) for windows-amd64 JRE (17.0.7+0-b2043.56-10550314), built on Jul 24 2023 18:27:45 by "androidbuild" with MS VC++ 16.10 / 16.11 (VS2019)

END.
